-------------------------------------------------------------------------------
Test set: com.example.dealsbazzar.DealsbazzarApplicationTests
-------------------------------------------------------------------------------
Tests run: 1, Failures: 0, Errors: 1, Skipped: 0, Time elapsed: 3.217 s <<< FAILURE! - in com.example.dealsbazzar.DealsbazzarApplicationTests
com.example.dealsbazzar.DealsbazzarApplicationTests  Time elapsed: 3.21 s  <<< ERROR!
java.lang.IllegalStateException: Unable to find a @SpringBootConfiguration, you need to use @ContextConfiguration or @SpringBootTest(classes=...) with your test

