<?xml version="1.0" encoding="UTF-8"?>
<testsuite xmlns:xsi="http://www.w3.org/2001/XMLSchema-instance" xsi:noNamespaceSchemaLocation="https://maven.apache.org/surefire/maven-surefire-plugin/xsd/surefire-test-report.xsd" name="com.example.dealsbazzar.DealsbazzarApplicationTests" time="3.217" tests="1" errors="1" skipped="0" failures="0">
  <properties>
[...]
</properties>
  <testcase name="com.example.dealsbazzar.DealsbazzarApplicationTests" classname="com.example.dealsbazzar.DealsbazzarApplicationTests" time="3.21">
    <error message="Unable to find a @SpringBootConfiguration, you need to use @ContextConfiguration or @SpringBootTest(classes=...) with your test" type="java.lang.IllegalStateException">java.lang.IllegalStateException: Unable to find a @SpringBootConfiguration, you need to use @ContextConfiguration or @SpringBootTest(classes=...) with your test
</error>
    <system-out><![CDATA[15:45:47.188 [main] DEBUG org.springframework.test.context.BootstrapUtils - Instantiating CacheAwareContextLoaderDelegate from class [org.springframework.test.context.cache.DefaultCacheAwareContextLoaderDelegate]
15:45:47.328 [main] DEBUG org.springframework.test.context.BootstrapUtils - Instantiating BootstrapContext using constructor [public org.springframework.test.context.support.DefaultBootstrapContext(java.lang.Class,org.springframework.test.context.CacheAwareContextLoaderDelegate)]
15:45:47.821 [main] DEBUG org.springframework.test.context.BootstrapUtils - Instantiating TestContextBootstrapper for test class [com.example.dealsbazzar.DealsbazzarApplicationTests] from class [org.springframework.boot.test.context.SpringBootTestContextBootstrapper]
15:45:47.952 [main] INFO org.springframework.boot.test.context.SpringBootTestContextBootstrapper - Neither @ContextConfiguration nor @ContextHierarchy found for test class [com.example.dealsbazzar.DealsbazzarApplicationTests], using SpringBootContextLoader
15:45:48.040 [main] DEBUG org.springframework.test.context.support.AbstractContextLoader - Did not detect default resource location for test class [com.example.dealsbazzar.DealsbazzarApplicationTests]: class path resource [com/example/dealsbazzar/DealsbazzarApplicationTests-context.xml] does not exist
15:45:48.042 [main] DEBUG org.springframework.test.context.support.AbstractContextLoader - Did not detect default resource location for test class [com.example.dealsbazzar.DealsbazzarApplicationTests]: class path resource [com/example/dealsbazzar/DealsbazzarApplicationTestsContext.groovy] does not exist
15:45:48.049 [main] INFO org.springframework.test.context.support.AbstractContextLoader - Could not detect default resource locations for test class [com.example.dealsbazzar.DealsbazzarApplicationTests]: no resource found for suffixes {-context.xml, Context.groovy}.
15:45:48.051 [main] INFO org.springframework.test.context.support.AnnotationConfigContextLoaderUtils - Could not detect default configuration classes for test class [com.example.dealsbazzar.DealsbazzarApplicationTests]: DealsbazzarApplicationTests does not declare any static, non-private, non-final, nested classes annotated with @Configuration.
15:45:48.695 [main] DEBUG org.springframework.test.context.support.ActiveProfilesUtils - Could not find an 'annotation declaring class' for annotation type [org.springframework.test.context.ActiveProfiles] and class [com.example.dealsbazzar.DealsbazzarApplicationTests]
]]></system-out>
  </testcase>
</testsuite>